+-----------+--------------+-----------+------+------+------+------+------+------+------+------+------+------+------+------+------+------+------+------+------+-----+
| nameFirst | nameLast     | playerID  | G    | AB   | R    | H    | 2B   | 3B   | HR   | RBI  | SB   | CS   | BB   | SO   | IBB  | HBP  | SH   | SF   | GIDP | PA  |
+-----------+--------------+-----------+------+------+------+------+------+------+------+------+------+------+------+------+------+------+------+------+------+-----+
| Shaun     | Anderson     | andersh01 |    1 |    0 |    0 |    0 |    0 |    0 |    0 |    0 |    0 |    0 |    0 |    0 |    0 |    0 |    0 |    0 |    0 |   0 |
| Anthony   | Banda        | bandaan01 |    7 |    0 |    0 |    0 |    0 |    0 |    0 |    0 |    0 |    0 |    0 |    0 |    0 |    0 |    0 |    0 |    0 |   0 |
| Anthony   | Bass         | bassan01  |   28 |    0 |    0 |    0 |    0 |    0 |    0 |    0 |    0 |    0 |    0 |    0 |    0 |    0 |    0 |    0 |    0 |   0 |
| Jeremy    | Beasley      | beaslje01 |    9 |    0 |    0 |    0 |    0 |    0 |    0 |    0 |    0 |    0 |    0 |    0 |    0 |    0 |    0 |    0 |    0 |   0 |
| Jose      | Berrios      | berrijo01 |   32 |    0 |    0 |    0 |    0 |    0 |    0 |    0 |    0 |    0 |    0 |    0 |    0 |    0 |    0 |    0 |    0 |   0 |
| Bo        | Bichette     | bichebo01 |  159 |  652 |   91 |  189 |   43 |    1 |   24 |   93 |   13 |    8 |   41 |  155 |    0 |    2 |    0 |    2 |   21 | 697 |
| Cavan     | Biggio       | biggica01 |   97 |  257 |   43 |   52 |   18 |    1 |    6 |   24 |    2 |    0 |   38 |   85 |    0 |    6 |    1 |    1 |    2 | 303 |
| Ryan      | Borucki      | borucry01 |   11 |    0 |    0 |    0 |    0 |    0 |    0 |    0 |    0 |    0 |    0 |    0 |    0 |    0 |    0 |    0 |    0 |   0 |
| Jackie    | Bradley      | bradlja02 |   40 |   73 |    9 |   13 |    4 |    0 |    1 |    9 |    0 |    0 |    7 |   19 |    0 |    0 |    0 |    0 |    2 |  80 |
| Vinny     | Capra        | capravi01 |    8 |    5 |    2 |    1 |    0 |    0 |    0 |    0 |    0 |    0 |    2 |    1 |    0 |    0 |    0 |    0 |    0 |   7 |
| Max       | Castillo     | castima03 |    9 |    0 |    0 |    0 |    0 |    0 |    0 |    0 |    0 |    0 |    0 |    0 |    0 |    0 |    0 |    0 |    0 |   0 |
| Matt      | Chapman      | chapmma01 |  155 |  538 |   83 |  123 |   27 |    1 |   27 |   76 |    2 |    2 |   68 |  170 |    1 |   10 |    0 |    5 |    7 | 621 |
| Adam      | Cimber       | cimbead01 |   77 |    0 |    0 |    0 |    0 |    0 |    0 |    0 |    0 |    0 |    0 |    0 |    0 |    0 |    0 |    0 |    0 |   0 |
| Zack      | Collins      | colliza01 |   26 |   72 |    7 |   14 |    4 |    0 |    4 |   10 |    0 |    0 |    6 |   31 |    0 |    1 |    0 |    0 |    0 |  79 |
| Santiago  | Espinal      | espinsa01 |  135 |  449 |   51 |  120 |   25 |    0 |    7 |   51 |    6 |    6 |   36 |   68 |    1 |    2 |    1 |    3 |   12 | 491 |
| Bowden    | Francis      | francbo01 |    1 |    0 |    0 |    0 |    0 |    0 |    0 |    0 |    0 |    0 |    0 |    0 |    0 |    0 |    0 |    0 |    0 |   0 |
| Matt      | Gage         | gagema01  |   11 |    0 |    0 |    0 |    0 |    0 |    0 |    0 |    0 |    0 |    0 |    0 |    0 |    0 |    0 |    0 |    0 |   0 |
| Yimi      | Garcia       | garciyi01 |   61 |    0 |    0 |    0 |    0 |    0 |    0 |    0 |    0 |    0 |    0 |    0 |    0 |    0 |    0 |    0 |    0 |   0 |
| Kevin     | Gausman      | gausmke01 |   31 |    0 |    0 |    0 |    0 |    0 |    0 |    0 |    0 |    0 |    0 |    0 |    0 |    0 |    0 |    0 |    0 |   0 |
| Foster    | Griffin      | grifffo01 |    1 |    0 |    0 |    0 |    0 |    0 |    0 |    0 |    0 |    0 |    0 |    0 |    0 |    0 |    0 |    0 |    0 |   0 |
| Vladimir  | Guerrero     | guerrvl02 |  160 |  638 |   90 |  175 |   35 |    0 |   32 |   97 |    8 |    3 |   58 |  116 |    6 |    6 |    0 |    4 |   26 | 706 |
| Lourdes   | Gurriel      | gurrilo01 |  121 |  453 |   52 |  132 |   32 |    1 |    5 |   52 |    3 |    4 |   31 |   83 |    1 |    6 |    0 |    2 |   11 | 492 |
| Thomas    | Hatch        | hatchto01 |    1 |    0 |    0 |    0 |    0 |    0 |    0 |    0 |    0 |    0 |    0 |    0 |    0 |    0 |    0 |    0 |    0 |   0 |
| Tyler     | Heineman     | heinety01 |   10 |   15 |    2 |    4 |    2 |    0 |    0 |    1 |    0 |    0 |    0 |    4 |    0 |    0 |    1 |    0 |    1 |  16 |
| Teoscar   | Hernandez    | hernate01 |  131 |  499 |   71 |  133 |   35 |    1 |   25 |   77 |    6 |    3 |   34 |  152 |    0 |    2 |    0 |    0 |   18 | 535 |
| Danny     | Jansen       | janseda01 |   72 |  215 |   34 |   56 |   10 |    0 |   15 |   44 |    1 |    0 |   25 |   44 |    1 |    3 |    0 |    5 |    1 | 248 |
| Gosuke    | Katoh        | katohgo01 |    8 |    7 |    2 |    1 |    1 |    0 |    0 |    0 |    0 |    0 |    3 |    1 |    0 |    0 |    1 |    0 |    0 |  11 |
| Anthony   | Kay          | kayan01   |    1 |    0 |    0 |    0 |    0 |    0 |    0 |    0 |    0 |    0 |    0 |    0 |    0 |    0 |    0 |    0 |    0 |   0 |
| Yusei     | Kikuchi      | kikucyu01 |   32 |    0 |    0 |    0 |    0 |    0 |    0 |    0 |    0 |    0 |    0 |    0 |    0 |    0 |    0 |    0 |    0 |   0 |
| Alejandro | Kirk         | kirkal01  |  139 |  470 |   59 |  134 |   19 |    0 |   14 |   63 |    0 |    0 |   63 |   58 |    2 |    4 |    0 |    4 |   11 | 541 |
| Casey     | Lawrence     | lawreca01 |    6 |    0 |    0 |    0 |    0 |    0 |    0 |    0 |    0 |    0 |    0 |    0 |    0 |    0 |    0 |    0 |    0 |   0 |
| Otto      | Lopez        | lopezot01 |    8 |    9 |    0 |    6 |    0 |    0 |    0 |    3 |    0 |    1 |    1 |    1 |    0 |    0 |    0 |    0 |    0 |  10 |
| Alek      | Manoah       | manoaal01 |   31 |    0 |    0 |    0 |    0 |    0 |    0 |    0 |    0 |    0 |    0 |    0 |    0 |    0 |    0 |    0 |    0 |   0 |
| Tim       | Mayza        | mayzati01 |   63 |    0 |    0 |    0 |    0 |    0 |    0 |    0 |    0 |    0 |    0 |    0 |    0 |    0 |    0 |    0 |    0 |   0 |
| Whit      | Merrifield   | merriwh01 |   44 |  121 |   19 |   34 |    5 |    0 |    5 |   16 |    1 |    2 |    8 |   24 |    0 |    0 |    0 |    1 |    3 | 130 |
| Julian    | Merryweather | merryju01 |   26 |    0 |    0 |    0 |    0 |    0 |    0 |    0 |    0 |    0 |    0 |    0 |    0 |    0 |    0 |    0 |    0 |   0 |
| Gabriel   | Moreno       | morenga01 |   25 |   69 |   10 |   22 |    1 |    0 |    1 |    7 |    0 |    0 |    4 |    8 |    0 |    0 |    0 |    0 |    2 |  73 |
| David     | Phelps       | phelpda01 |   65 |    0 |    0 |    0 |    0 |    0 |    0 |    0 |    0 |    0 |    0 |    0 |    0 |    0 |    0 |    0 |    0 |   0 |
| Zach      | Pop          | popza01   |   18 |    0 |    0 |    0 |    0 |    0 |    0 |    0 |    0 |    0 |    0 |    0 |    0 |    0 |    0 |    0 |    0 |   0 |
| Trevor    | Richards     | richatr01 |   62 |    0 |    0 |    0 |    0 |    0 |    0 |    0 |    0 |    0 |    0 |    0 |    0 |    0 |    0 |    0 |    0 |   0 |
| Jordan    | Romano       | romanjo03 |   63 |    0 |    0 |    0 |    0 |    0 |    0 |    0 |    0 |    0 |    0 |    0 |    0 |    0 |    0 |    0 |    0 |   0 |
| Sergio    | Romo         | romose01  |    6 |    0 |    0 |    0 |    0 |    0 |    0 |    0 |    0 |    0 |    0 |    0 |    0 |    0 |    0 |    0 |    0 |   0 |
| Hyun Jin  | Ryu          | ryuhy01   |    6 |    0 |    0 |    0 |    0 |    0 |    0 |    0 |    0 |    0 |    0 |    0 |    0 |    0 |    0 |    0 |    0 |   0 |
| Tayler    | Saucedo      | sauceta01 |    4 |    0 |    0 |    0 |    0 |    0 |    0 |    0 |    0 |    0 |    0 |    0 |    0 |    0 |    0 |    0 |    0 |   0 |
| George    | Springer     | springe01 |  133 |  513 |   89 |  137 |   22 |    4 |   25 |   76 |   14 |    2 |   54 |  100 |    1 |    7 |    0 |    5 |    7 | 579 |
| Ross      | Stripling    | stripro01 |   32 |    0 |    0 |    0 |    0 |    0 |    0 |    0 |    0 |    0 |    0 |    0 |    0 |    0 |    0 |    0 |    0 |   0 |
| Raimel    | Tapia        | tapiara01 |  128 |  411 |   47 |  109 |   20 |    3 |    7 |   52 |    8 |    2 |   16 |   81 |    0 |    0 |    3 |    1 |   12 | 431 |
| Trent     | Thornton     | thorntr01 |   32 |    0 |    0 |    0 |    0 |    0 |    0 |    0 |    0 |    0 |    0 |    0 |    0 |    0 |    0 |    0 |    0 |   0 |
| Andrew    | Vasquez      | vasquan02 |    9 |    0 |    0 |    0 |    0 |    0 |    0 |    0 |    0 |    0 |    0 |    0 |    0 |    0 |    0 |    0 |    0 |   0 |
| Mitch     | White        | whitemi03 |   10 |    0 |    0 |    0 |    0 |    0 |    0 |    0 |    0 |    0 |    0 |    0 |    0 |    0 |    0 |    0 |    0 |   0 |
| Bradley   | Zimmer       | zimmebr01 |   77 |   76 |   11 |    8 |    4 |    0 |    2 |    3 |    2 |    1 |    5 |   33 |    0 |    5 |    1 |    0 |    0 |  87 |
| Bradley   | Zimmer       | zimmebr01 |   23 |   13 |    3 |    1 |    0 |    0 |    0 |    2 |    1 |    1 |    0 |    8 |    0 |    1 |    0 |    0 |    0 |  14 |
+-----------+--------------+-----------+------+------+------+------+------+------+------+------+------+------+------+------+------+------+------+------+------+-----+